{"numFailedTestSuites":0,"numFailedTests":0,"numPassedTestSuites":1,"numPassedTests":2,"numPendingTestSuites":0,"numPendingTests":0,"numRuntimeErrorTestSuites":0,"numTodoTests":0,"numTotalTestSuites":1,"numTotalTests":2,"openHandles":[],"snapshot":{"added":0,"didUpdate":false,"failure":false,"filesAdded":0,"filesRemoved":0,"filesRemovedList":[],"filesUnmatched":0,"filesUpdated":0,"matched":0,"total":0,"unchecked":0,"uncheckedKeysByFile":[],"unmatched":0,"updated":0},"startTime":1747964130678,"success":true,"testResults":[{"assertionResults":[{"ancestorTitles":["Debug Test Environment"],"duration":5,"failureDetails":[],"failureMessages":[],"fullName":"Debug Test Environment should pass a simple test","invocations":1,"location":null,"numPassingAsserts":1,"retryReasons":[],"status":"passed","title":"should pass a simple test"},{"ancestorTitles":["Debug Test Environment"],"duration":9,"failureDetails":[],"failureMessages":[],"fullName":"Debug Test Environment should have a valid MongoDB connection","invocations":1,"location":null,"numPassingAsserts":1,"retryReasons":[],"status":"passed","title":"should have a valid MongoDB connection"}],"endTime":1747964132476,"message":"","name":"C:\\Users\\hr80r\\CascadeProjects\\Sentivox\\backend\\src\\test\\debug.test.ts","startTime":1747964131046,"status":"passed","summary":""}],"wasInterrupted":false,"coverageMap":{}}
